<?xml version="1.0" encoding="UTF-8"?>
<!-- Generated by org.testng.reporters.JUnitReportReporter -->
<testsuite skipped="0" hostname="LAPTOP-NC0KKTHF" name="com.nec.testcases.AddCustomerTest" tests="1" failures="0" timestamp="31 Aug 2020 16:19:21 GMT" time="7.427" errors="0">
  <testcase name="addCustomer" time="7.427" classname="com.nec.testcases.AddCustomerTest"/>
</testsuite> <!-- com.nec.testcases.AddCustomerTest -->
