<?xml version="1.0" encoding="UTF-8"?>
<!-- Generated by org.testng.reporters.JUnitReportReporter -->
<testsuite skipped="0" hostname="LAPTOP-NC0KKTHF" name="com.nec.testcases.BankManagerLoginTest" tests="1" failures="0" timestamp="31 Aug 2020 16:19:21 GMT" time="3.251" errors="0">
  <testcase name="loginAsBankManager" time="3.251" classname="com.nec.testcases.BankManagerLoginTest"/>
</testsuite> <!-- com.nec.testcases.BankManagerLoginTest -->
