<?xml version="1.0" encoding="UTF-8"?>
<!-- Generated by org.testng.reporters.JUnitReportReporter -->
<testsuite skipped="0" hostname="LAPTOP-NC0KKTHF" name="com.nec.testcases.AddCustomerTest" tests="1" failures="0" timestamp="04 Sep 2020 19:48:53 GMT" time="9.602" errors="0">
  <testcase name="addCustomer" time="9.602" classname="com.nec.testcases.AddCustomerTest"/>
</testsuite> <!-- com.nec.testcases.AddCustomerTest -->
